<?xml version="1.0" encoding="UTF-8"?>
<!-- Generated by org.testng.reporters.JUnitReportReporter -->
<testsuite hostname="suresh" name="TestNG_DAY2.Create_LineItemExceptions" tests="3" failures="0" timestamp="17 May 2020 14:28:15 GMT" time="0.041" errors="0">
  <testcase name="InvestorLineItemExceptions" time="0.004" classname="TestNG_DAY2.Create_LineItemExceptions"/>
  <testcase name="servicerLineItemExceptions" time="0.002" classname="TestNG_DAY2.Create_LineItemExceptions"/>
  <testcase name="servicerInvoice" time="0.035" classname="TestNG_DAY2.Create_LineItemExceptions"/>
</testsuite> <!-- TestNG_DAY2.Create_LineItemExceptions -->
