<?xml version="1.0" encoding="UTF-8"?>
<!-- Generated by org.testng.reporters.JUnitReportReporter -->
<testsuite hostname="suresh" name="TestNG_DAY1.TestNg_Demo1" tests="2" failures="0" timestamp="19 May 2020 17:53:40 GMT" time="0.000" errors="0">
  <testcase name="carloan" time="0.000" classname="TestNG_DAY1.TestNg_Demo1"/>
  <testcase name="personalloan" time="0.000" classname="TestNG_DAY1.TestNg_Demo1"/>
</testsuite> <!-- TestNG_DAY1.TestNg_Demo1 -->
