<?xml version="1.0" encoding="UTF-8"?>
<!-- Generated by org.testng.reporters.JUnitReportReporter -->
<testsuite hostname="suresh" name="TestNG_DAY2.VIBI_Invoice_Imports" tests="3" failures="0" timestamp="18 May 2020 15:29:25 GMT" time="0.021" errors="0">
  <testcase name="importInvoicesfromFilesGtoVIBI" time="0.002" classname="TestNG_DAY2.VIBI_Invoice_Imports"/>
  <testcase name="importInvoicestoIMFrmVIBI" time="0.003" classname="TestNG_DAY2.VIBI_Invoice_Imports"/>
  <testcase name="downloadVIBItools" time="0.016" classname="TestNG_DAY2.VIBI_Invoice_Imports"/>
</testsuite> <!-- TestNG_DAY2.VIBI_Invoice_Imports -->
