<?xml version="1.0" encoding="UTF-8"?>
<!-- Generated by org.testng.reporters.JUnitReportReporter -->
<testsuite hostname="suresh" name="TestNG_DAY1.TestNg_Demo2" tests="3" failures="0" timestamp="19 May 2020 17:53:40 GMT" time="0.031" errors="0">
  <testcase name="test1" time="0.015" classname="TestNG_DAY1.TestNg_Demo2"/>
  <testcase name="demo3" time="0.016" classname="TestNG_DAY1.TestNg_Demo2"/>
  <testcase name="test2" time="0.000" classname="TestNG_DAY1.TestNg_Demo2"/>
</testsuite> <!-- TestNG_DAY1.TestNg_Demo2 -->
