<?xml version="1.0" encoding="UTF-8"?>
<!-- Generated by org.testng.reporters.JUnitReportReporter -->
<testsuite hostname="suresh" name="TestNG_DAY2.DIS_Invoice_Imports" tests="2" failures="0" timestamp="13 May 2020 15:41:16 GMT" time="0.017" errors="0">
  <testcase name="runAddInvoiceImageRequest" time="0.005" classname="TestNG_DAY2.DIS_Invoice_Imports"/>
  <testcase name="importproject" time="0.012" classname="TestNG_DAY2.DIS_Invoice_Imports"/>
</testsuite> <!-- TestNG_DAY2.DIS_Invoice_Imports -->
