<?xml version="1.0" encoding="UTF-8"?>
<!-- Generated by org.testng.reporters.JUnitReportReporter -->
<testsuite hostname="suresh" name="TestNG_DAY1.TestNg_Demo3" tests="2" failures="0" timestamp="13 May 2020 08:10:31 GMT" time="0.016" errors="0">
  <testcase name="AppLogin" time="0.008" classname="TestNG_DAY1.TestNg_Demo3"/>
  <testcase name="WebLogin" time="0.008" classname="TestNG_DAY1.TestNg_Demo3"/>
</testsuite> <!-- TestNG_DAY1.TestNg_Demo3 -->
