<?xml version="1.0" encoding="UTF-8"?>
<!-- Generated by org.testng.reporters.JUnitReportReporter -->
<testsuite hostname="suresh" name="TestNG_InvocingLogin_Day3.InvoicingLogin_UI_VIBITOOlS_Exp2" tests="3" failures="0" timestamp="19 May 2020 14:18:08 GMT" time="0.048" errors="0">
  <testcase name="toolLogin" time="0.004" classname="TestNG_InvocingLogin_Day3.InvoicingLogin_UI_VIBITOOlS_Exp2"/>
  <testcase name="toolLogin" time="0.006" classname="TestNG_InvocingLogin_Day3.InvoicingLogin_UI_VIBITOOlS_Exp2"/>
  <testcase name="toolLogin" time="0.038" classname="TestNG_InvocingLogin_Day3.InvoicingLogin_UI_VIBITOOlS_Exp2"/>
</testsuite> <!-- TestNG_InvocingLogin_Day3.InvoicingLogin_UI_VIBITOOlS_Exp2 -->
