<?xml version="1.0" encoding="UTF-8"?>
<!-- Generated by org.testng.reporters.JUnitReportReporter -->
<testsuite hostname="suresh" name="TestNG_DAY1.TestNg_Demo2" tests="3" failures="0" timestamp="13 May 2020 08:10:31 GMT" time="0.020" errors="0">
  <testcase name="test2" time="0.004" classname="TestNG_DAY1.TestNg_Demo2"/>
  <testcase name="demo3" time="0.008" classname="TestNG_DAY1.TestNg_Demo2"/>
  <testcase name="test1" time="0.008" classname="TestNG_DAY1.TestNg_Demo2"/>
</testsuite> <!-- TestNG_DAY1.TestNg_Demo2 -->
