<?xml version="1.0" encoding="UTF-8"?>
<!-- Generated by org.testng.reporters.JUnitReportReporter -->
<testsuite hostname="suresh" name="TestNG_DAY1.TestNg_Demo1" tests="1" failures="0" timestamp="5 May 2020 11:25:05 GMT" time="0.023" errors="0">
  <testcase name="demo" time="0.023" classname="TestNG_DAY1.TestNg_Demo1"/>
</testsuite> <!-- TestNG_DAY1.TestNg_Demo1 -->
