<?xml version="1.0" encoding="UTF-8"?>
<!-- Generated by org.testng.reporters.JUnitReportReporter -->
<testsuite hostname="suresh" name="TestNG_DAY2.ReoOutbroker_InvoicIng" tests="2" failures="0" timestamp="13 May 2020 08:14:10 GMT" time="0.004" errors="0">
  <testcase name="reoBrokerinvoicetoServicer" time="0.004" classname="TestNG_DAY2.ReoOutbroker_InvoicIng"/>
  <testcase name="reobrokerInvoiceToOutosurcer" time="0.000" classname="TestNG_DAY2.ReoOutbroker_InvoicIng"/>
</testsuite> <!-- TestNG_DAY2.ReoOutbroker_InvoicIng -->
