<?xml version="1.0" encoding="UTF-8"?>
<!-- Generated by org.testng.reporters.JUnitReportReporter -->
<testsuite hostname="suresh" name="TestNG_DAY1.TestNg_Demo1" tests="2" failures="0" timestamp="5 May 2020 16:25:55 GMT" time="0.028" errors="0">
  <testcase name="secondTst" time="0.004" classname="TestNG_DAY1.TestNg_Demo1"/>
  <testcase name="demo" time="0.024" classname="TestNG_DAY1.TestNg_Demo1"/>
</testsuite> <!-- TestNG_DAY1.TestNg_Demo1 -->
