<?xml version="1.0" encoding="UTF-8"?>
<!-- Generated by org.testng.reporters.JUnitReportReporter -->
<testsuite hostname="suresh" name="TestNG_DAY2.Broker_InvoicIng" tests="3" failures="0" timestamp="13 May 2020 08:14:10 GMT" time="0.012" errors="0">
  <testcase name="brokerInvoiceToOutosurcer" time="0.004" classname="TestNG_DAY2.Broker_InvoicIng"/>
  <testcase name="brokernvoicetoServicer" time="0.004" classname="TestNG_DAY2.Broker_InvoicIng"/>
  <testcase name="brokerInvoiceTOReoOutosurcer" time="0.004" classname="TestNG_DAY2.Broker_InvoicIng"/>
</testsuite> <!-- TestNG_DAY2.Broker_InvoicIng -->
