<?xml version="1.0" encoding="UTF-8"?>
<!-- Generated by org.testng.reporters.JUnitReportReporter -->
<testsuite hostname="suresh" name="TestNG_DAY2.Vendor_InvoicIng" tests="3" failures="0" timestamp="13 May 2020 08:14:10 GMT" time="0.018" errors="0">
  <testcase name="createInvoiceServicer" time="0.000" classname="TestNG_DAY2.Vendor_InvoicIng"/>
  <testcase name="createInvoiceOutosurcer" time="0.012" classname="TestNG_DAY2.Vendor_InvoicIng"/>
  <testcase name="createInvoiceReoOutosurcer" time="0.006" classname="TestNG_DAY2.Vendor_InvoicIng"/>
</testsuite> <!-- TestNG_DAY2.Vendor_InvoicIng -->
