<?xml version="1.0" encoding="UTF-8"?>
<!-- Generated by org.testng.reporters.JUnitReportReporter -->
<testsuite hostname="suresh" name="TestNG_InvocingLogin_Day3.InvoicingLogin_UI_VIBITOOlS_Exp1" tests="4" failures="0" timestamp="18 May 2020 16:22:48 GMT" time="0.041" errors="0">
  <testcase name="tools_VIBILogins" time="0.012" classname="TestNG_InvocingLogin_Day3.InvoicingLogin_UI_VIBITOOlS_Exp1"/>
  <testcase name="tools_VIBILogins" time="0.010" classname="TestNG_InvocingLogin_Day3.InvoicingLogin_UI_VIBITOOlS_Exp1"/>
  <testcase name="tools_VIBILogins" time="0.015" classname="TestNG_InvocingLogin_Day3.InvoicingLogin_UI_VIBITOOlS_Exp1"/>
  <testcase name="uiLogin" time="0.004" classname="TestNG_InvocingLogin_Day3.InvoicingLogin_UI_VIBITOOlS_Exp1"/>
</testsuite> <!-- TestNG_InvocingLogin_Day3.InvoicingLogin_UI_VIBITOOlS_Exp1 -->
